
*** Running vivado
    with args -log miTo.vdi -applog -m64 -product Vivado -messageDb vivado.pb -mode batch -source miTo.tcl -notrace



****** Vivado v2020.2 (64-bit)
  **** SW Build 3064766 on Wed Nov 18 09:12:45 MST 2020
  **** IP Build 3064653 on Wed Nov 18 14:17:31 MST 2020
    ** Copyright 1986-2020 Xilinx, Inc. All Rights Reserved.

source miTo.tcl -notrace
create_project: Time (s): cpu = 00:00:02 ; elapsed = 00:00:05 . Memory (MB): peak = 920.402 ; gain = 0.000
Command: link_design -top miTo -part xc7k70tfbv676-1
Design is defaulting to srcset: sources_1
Design is defaulting to constrset: constrs_1
INFO: [Device 21-403] Loading part xc7k70tfbv676-1
Netlist sorting complete. Time (s): cpu = 00:00:00 ; elapsed = 00:00:00.001 . Memory (MB): peak = 920.402 ; gain = 0.000
INFO: [Project 1-479] Netlist was created with Vivado 2020.2
INFO: [Project 1-570] Preparing netlist for logic optimization
Netlist sorting complete. Time (s): cpu = 00:00:00 ; elapsed = 00:00:00.001 . Memory (MB): peak = 930.789 ; gain = 0.000
INFO: [Project 1-111] Unisim Transformation Summary:
No Unisim elements were transformed.

4 Infos, 0 Warnings, 0 Critical Warnings and 0 Errors encountered.
link_design completed successfully
link_design: Time (s): cpu = 00:00:07 ; elapsed = 00:00:12 . Memory (MB): peak = 958.637 ; gain = 38.234
Command: opt_design
Attempting to get a license for feature 'Implementation' and/or device 'xc7k70t'
INFO: [Common 17-349] Got license for feature 'Implementation' and/or device 'xc7k70t'
Running DRC as a precondition to command opt_design

Starting DRC Task
INFO: [DRC 23-27] Running DRC with 2 threads
INFO: [Project 1-461] DRC finished with 0 Errors
INFO: [Project 1-462] Please refer to the DRC report (report_drc) for more information.

Time (s): cpu = 00:00:02 ; elapsed = 00:00:02 . Memory (MB): peak = 981.418 ; gain = 22.781

Starting Cache Timing Information Task
INFO: [Timing 38-35] Done setting XDC timing constraints.
Ending Cache Timing Information Task | Checksum: 186bd5390

Time (s): cpu = 00:00:07 ; elapsed = 00:00:10 . Memory (MB): peak = 1512.855 ; gain = 531.438

Starting Logic Optimization Task

Phase 1 Retarget
INFO: [Opt 31-138] Pushed 0 inverter(s) to 0 load pin(s).
INFO: [Opt 31-49] Retargeted 0 cell(s).
Phase 1 Retarget | Checksum: 186bd5390

Time (s): cpu = 00:00:00 ; elapsed = 00:00:00.901 . Memory (MB): peak = 1722.086 ; gain = 0.000
INFO: [Opt 31-389] Phase Retarget created 0 cells and removed 0 cells

Phase 2 Constant propagation
INFO: [Opt 31-138] Pushed 0 inverter(s) to 0 load pin(s).
Phase 2 Constant propagation | Checksum: 186bd5390

Time (s): cpu = 00:00:00 ; elapsed = 00:00:00.955 . Memory (MB): peak = 1722.086 ; gain = 0.000
INFO: [Opt 31-389] Phase Constant propagation created 0 cells and removed 0 cells

Phase 3 Sweep
Phase 3 Sweep | Checksum: 186bd5390

Time (s): cpu = 00:00:00 ; elapsed = 00:00:01 . Memory (MB): peak = 1722.086 ; gain = 0.000
INFO: [Opt 31-389] Phase Sweep created 0 cells and removed 0 cells

Phase 4 BUFG optimization
Phase 4 BUFG optimization | Checksum: 186bd5390

Time (s): cpu = 00:00:00 ; elapsed = 00:00:01 . Memory (MB): peak = 1722.086 ; gain = 0.000
INFO: [Opt 31-662] Phase BUFG optimization created 0 cells of which 0 are BUFGs and removed 0 cells.

Phase 5 Shift Register Optimization
INFO: [Opt 31-1064] SRL Remap converted 0 SRLs to 0 registers and converted 0 registers of register chains to 0 SRLs
Phase 5 Shift Register Optimization | Checksum: 186bd5390

Time (s): cpu = 00:00:00 ; elapsed = 00:00:01 . Memory (MB): peak = 1722.086 ; gain = 0.000
INFO: [Opt 31-389] Phase Shift Register Optimization created 0 cells and removed 0 cells

Phase 6 Post Processing Netlist
Phase 6 Post Processing Netlist | Checksum: 186bd5390

Time (s): cpu = 00:00:00 ; elapsed = 00:00:01 . Memory (MB): peak = 1722.086 ; gain = 0.000
INFO: [Opt 31-389] Phase Post Processing Netlist created 0 cells and removed 0 cells
Opt_design Change Summary
=========================


-------------------------------------------------------------------------------------------------------------------------
|  Phase                        |  #Cells created  |  #Cells Removed  |  #Constrained objects preventing optimizations  |
-------------------------------------------------------------------------------------------------------------------------
|  Retarget                     |               0  |               0  |                                              0  |
|  Constant propagation         |               0  |               0  |                                              0  |
|  Sweep                        |               0  |               0  |                                              0  |
|  BUFG optimization            |               0  |               0  |                                              0  |
|  Shift Register Optimization  |               0  |               0  |                                              0  |
|  Post Processing Netlist      |               0  |               0  |                                              0  |
-------------------------------------------------------------------------------------------------------------------------



Starting Connectivity Check Task

Time (s): cpu = 00:00:00 ; elapsed = 00:00:00.003 . Memory (MB): peak = 1722.086 ; gain = 0.000
Ending Logic Optimization Task | Checksum: 186bd5390

Time (s): cpu = 00:00:00 ; elapsed = 00:00:01 . Memory (MB): peak = 1722.086 ; gain = 0.000

Starting Power Optimization Task
INFO: [Pwropt 34-132] Skipping clock gating for clocks with a period < 2.00 ns.
Ending Power Optimization Task | Checksum: 186bd5390

Time (s): cpu = 00:00:00 ; elapsed = 00:00:00.216 . Memory (MB): peak = 1722.086 ; gain = 0.000

Starting Final Cleanup Task
Ending Final Cleanup Task | Checksum: 186bd5390

Time (s): cpu = 00:00:00 ; elapsed = 00:00:00.024 . Memory (MB): peak = 1722.086 ; gain = 0.000

Starting Netlist Obfuscation Task
Netlist sorting complete. Time (s): cpu = 00:00:00 ; elapsed = 00:00:00 . Memory (MB): peak = 1722.086 ; gain = 0.000
Ending Netlist Obfuscation Task | Checksum: 186bd5390

Time (s): cpu = 00:00:00 ; elapsed = 00:00:00.001 . Memory (MB): peak = 1722.086 ; gain = 0.000
INFO: [Common 17-83] Releasing license: Implementation
21 Infos, 0 Warnings, 0 Critical Warnings and 0 Errors encountered.
opt_design completed successfully
opt_design: Time (s): cpu = 00:00:12 ; elapsed = 00:00:17 . Memory (MB): peak = 1722.086 ; gain = 763.449
INFO: [Common 17-1381] The checkpoint 'C:/Users/miche/OneDrive/Documentos/32-bitMips-master/miTo.runs/impl_2/miTo_opt.dcp' has been generated.
INFO: [runtcl-4] Executing : report_drc -file miTo_drc_opted.rpt -pb miTo_drc_opted.pb -rpx miTo_drc_opted.rpx
Command: report_drc -file miTo_drc_opted.rpt -pb miTo_drc_opted.pb -rpx miTo_drc_opted.rpx
INFO: [IP_Flow 19-234] Refreshing IP repositories
INFO: [IP_Flow 19-1704] No user IP repositories specified
INFO: [IP_Flow 19-2313] Loaded Vivado IP repository 'D:/xilinx/Vivado/2020.2/data/ip'.
INFO: [Timing 38-35] Done setting XDC timing constraints.
INFO: [DRC 23-27] Running DRC with 2 threads
INFO: [Coretcl 2-168] The results of DRC are in file C:/Users/miche/OneDrive/Documentos/32-bitMips-master/miTo.runs/impl_2/miTo_drc_opted.rpt.
report_drc completed successfully
report_drc: Time (s): cpu = 00:00:03 ; elapsed = 00:00:09 . Memory (MB): peak = 1770.113 ; gain = 48.027
Command: place_design
Attempting to get a license for feature 'Implementation' and/or device 'xc7k70t'
INFO: [Common 17-349] Got license for feature 'Implementation' and/or device 'xc7k70t'
INFO: [DRC 23-27] Running DRC with 2 threads
INFO: [Vivado_Tcl 4-198] DRC finished with 0 Errors
INFO: [Vivado_Tcl 4-199] Please refer to the DRC report (report_drc) for more information.
Running DRC as a precondition to command place_design
INFO: [DRC 23-27] Running DRC with 2 threads
INFO: [Vivado_Tcl 4-198] DRC finished with 0 Errors
INFO: [Vivado_Tcl 4-199] Please refer to the DRC report (report_drc) for more information.

Starting Placer Task
INFO: [Place 30-611] Multithreading enabled for place_design using a maximum of 2 CPUs

Phase 1 Placer Initialization

Phase 1.1 Placer Initialization Netlist Sorting
Netlist sorting complete. Time (s): cpu = 00:00:00 ; elapsed = 00:00:00.001 . Memory (MB): peak = 1770.121 ; gain = 0.000
Phase 1.1 Placer Initialization Netlist Sorting | Checksum: cec8acb3

Time (s): cpu = 00:00:00 ; elapsed = 00:00:00.292 . Memory (MB): peak = 1770.121 ; gain = 0.000
Netlist sorting complete. Time (s): cpu = 00:00:00 ; elapsed = 00:00:00 . Memory (MB): peak = 1770.121 ; gain = 0.000

Phase 1.2 IO Placement/ Clock Placement/ Build Placer Device
Phase 1.2 IO Placement/ Clock Placement/ Build Placer Device | Checksum: 11d82cbbe

Time (s): cpu = 00:00:01 ; elapsed = 00:00:02 . Memory (MB): peak = 1770.121 ; gain = 0.000

Phase 1.3 Build Placer Netlist Model
Phase 1.3 Build Placer Netlist Model | Checksum: 126b8d6e5

Time (s): cpu = 00:00:01 ; elapsed = 00:00:04 . Memory (MB): peak = 1770.121 ; gain = 0.000

Phase 1.4 Constrain Clocks/Macros
Phase 1.4 Constrain Clocks/Macros | Checksum: 126b8d6e5

Time (s): cpu = 00:00:01 ; elapsed = 00:00:04 . Memory (MB): peak = 1770.121 ; gain = 0.000
Phase 1 Placer Initialization | Checksum: 126b8d6e5

Time (s): cpu = 00:00:01 ; elapsed = 00:00:04 . Memory (MB): peak = 1770.121 ; gain = 0.000

Phase 2 Final Placement Cleanup
Netlist sorting complete. Time (s): cpu = 00:00:00 ; elapsed = 00:00:00 . Memory (MB): peak = 1770.121 ; gain = 0.000

Time (s): cpu = 00:00:01 ; elapsed = 00:00:04 . Memory (MB): peak = 1770.121 ; gain = 0.000
INFO: [Place 30-281] No place-able instance is found; design doesn't contain any instance or all instances are placed
Ending Placer Task | Checksum: 11d82cbbe

Time (s): cpu = 00:00:01 ; elapsed = 00:00:04 . Memory (MB): peak = 1770.121 ; gain = 0.000
INFO: [Common 17-83] Releasing license: Implementation
39 Infos, 0 Warnings, 0 Critical Warnings and 0 Errors encountered.
place_design completed successfully
place_design: Time (s): cpu = 00:00:02 ; elapsed = 00:00:05 . Memory (MB): peak = 1770.121 ; gain = 0.008
Writing placer database...
Writing XDEF routing.
Writing XDEF routing logical nets.
Writing XDEF routing special nets.
Write XDEF Complete: Time (s): cpu = 00:00:00 ; elapsed = 00:00:00.322 . Memory (MB): peak = 1770.121 ; gain = 0.000
INFO: [Common 17-1381] The checkpoint 'C:/Users/miche/OneDrive/Documentos/32-bitMips-master/miTo.runs/impl_2/miTo_placed.dcp' has been generated.
INFO: [runtcl-4] Executing : report_io -file miTo_io_placed.rpt
report_io: Time (s): cpu = 00:00:00 ; elapsed = 00:00:00.403 . Memory (MB): peak = 1770.121 ; gain = 0.000
INFO: [runtcl-4] Executing : report_utilization -file miTo_utilization_placed.rpt -pb miTo_utilization_placed.pb
INFO: [runtcl-4] Executing : report_control_sets -verbose -file miTo_control_sets_placed.rpt
report_control_sets: Time (s): cpu = 00:00:00 ; elapsed = 00:00:00.003 . Memory (MB): peak = 1770.121 ; gain = 0.000
Command: route_design
Attempting to get a license for feature 'Implementation' and/or device 'xc7k70t'
INFO: [Common 17-349] Got license for feature 'Implementation' and/or device 'xc7k70t'
Running DRC as a precondition to command route_design
INFO: [DRC 23-27] Running DRC with 2 threads
INFO: [Vivado_Tcl 4-198] DRC finished with 0 Errors
INFO: [Vivado_Tcl 4-199] Please refer to the DRC report (report_drc) for more information.


Starting Routing Task
INFO: [Route 35-254] Multithreading enabled for route_design using a maximum of 2 CPUs
Checksum: PlaceDB: 4eba1f0b ConstDB: 0 ShapeSum: cec8acb3 RouteDB: 0

Phase 1 Build RT Design
Phase 1 Build RT Design | Checksum: e5885284

Time (s): cpu = 00:00:12 ; elapsed = 00:00:10 . Memory (MB): peak = 1878.082 ; gain = 94.285
Post Restoration Checksum: NetGraph: 25213808 NumContArr: c0671a7c Constraints: 0 Timing: 0

Phase 2 Router Initialization
INFO: [Route 35-64] No timing constraints were detected. The router will operate in resource-optimization mode.

Phase 2.1 Fix Topology Constraints
Phase 2.1 Fix Topology Constraints | Checksum: e5885284

Time (s): cpu = 00:00:12 ; elapsed = 00:00:10 . Memory (MB): peak = 1884.113 ; gain = 100.316

Phase 2.2 Pre Route Cleanup
Phase 2.2 Pre Route Cleanup | Checksum: e5885284

Time (s): cpu = 00:00:12 ; elapsed = 00:00:10 . Memory (MB): peak = 1884.113 ; gain = 100.316
 Number of Nodes with overlaps = 0
Phase 2 Router Initialization | Checksum: 18fc3939d

Time (s): cpu = 00:00:12 ; elapsed = 00:00:11 . Memory (MB): peak = 1893.047 ; gain = 109.250

Router Utilization Summary
  Global Vertical Routing Utilization    = 0 %
  Global Horizontal Routing Utilization  = 0 %
  Routable Net Status*
  *Does not include unroutable nets such as driverless and loadless.
  Run report_route_status for detailed report.
  Number of Failed Nets               = 0
    (Failed Nets is the sum of unrouted and partially routed nets)
  Number of Unrouted Nets             = 0
  Number of Partially Routed Nets     = 0
  Number of Node Overlaps             = 0


Phase 3 Initial Routing

Phase 3.1 Global Routing
Phase 3.1 Global Routing | Checksum: 18fc3939d

Time (s): cpu = 00:00:12 ; elapsed = 00:00:11 . Memory (MB): peak = 1894.734 ; gain = 110.938
 Number of Nodes with overlaps = 0
Phase 3 Initial Routing | Checksum: 18fc3939d

Time (s): cpu = 00:00:12 ; elapsed = 00:00:11 . Memory (MB): peak = 1894.734 ; gain = 110.938

Phase 4 Rip-up And Reroute

Phase 4.1 Global Iteration 0
Phase 4.1 Global Iteration 0 | Checksum: 18fc3939d

Time (s): cpu = 00:00:12 ; elapsed = 00:00:11 . Memory (MB): peak = 1894.734 ; gain = 110.938
Phase 4 Rip-up And Reroute | Checksum: 18fc3939d

Time (s): cpu = 00:00:12 ; elapsed = 00:00:11 . Memory (MB): peak = 1894.734 ; gain = 110.938

Phase 5 Delay and Skew Optimization
Phase 5 Delay and Skew Optimization | Checksum: 18fc3939d

Time (s): cpu = 00:00:12 ; elapsed = 00:00:11 . Memory (MB): peak = 1894.734 ; gain = 110.938

Phase 6 Post Hold Fix

Phase 6.1 Hold Fix Iter
Phase 6.1 Hold Fix Iter | Checksum: 18fc3939d

Time (s): cpu = 00:00:12 ; elapsed = 00:00:11 . Memory (MB): peak = 1894.734 ; gain = 110.938
Phase 6 Post Hold Fix | Checksum: 18fc3939d

Time (s): cpu = 00:00:12 ; elapsed = 00:00:11 . Memory (MB): peak = 1894.734 ; gain = 110.938

Phase 7 Route finalize

Router Utilization Summary
  Global Vertical Routing Utilization    = 0 %
  Global Horizontal Routing Utilization  = 0 %
  Routable Net Status*
  *Does not include unroutable nets such as driverless and loadless.
  Run report_route_status for detailed report.
  Number of Failed Nets               = 0
    (Failed Nets is the sum of unrouted and partially routed nets)
  Number of Unrouted Nets             = 0
  Number of Partially Routed Nets     = 0
  Number of Node Overlaps             = 0

Congestion Report
North Dir 1x1 Area, Max Cong = 0%, No Congested Regions.
South Dir 1x1 Area, Max Cong = 0%, No Congested Regions.
East Dir 1x1 Area, Max Cong = 0%, No Congested Regions.
West Dir 1x1 Area, Max Cong = 0%, No Congested Regions.

------------------------------
Reporting congestion hotspots
------------------------------
Direction: North
----------------
Congested clusters found at Level 0
Effective congestion level: 0 Aspect Ratio: 1 Sparse Ratio: 0
Direction: South
----------------
Congested clusters found at Level 0
Effective congestion level: 0 Aspect Ratio: 1 Sparse Ratio: 0
Direction: East
----------------
Congested clusters found at Level 0
Effective congestion level: 0 Aspect Ratio: 1 Sparse Ratio: 0
Direction: West
----------------
Congested clusters found at Level 0
Effective congestion level: 0 Aspect Ratio: 1 Sparse Ratio: 0

Phase 7 Route finalize | Checksum: 18fc3939d

Time (s): cpu = 00:00:12 ; elapsed = 00:00:11 . Memory (MB): peak = 1894.734 ; gain = 110.938

Phase 8 Verifying routed nets

 Verification completed successfully
Phase 8 Verifying routed nets | Checksum: 18fc3939d

Time (s): cpu = 00:00:12 ; elapsed = 00:00:11 . Memory (MB): peak = 1894.922 ; gain = 111.125

Phase 9 Depositing Routes
Phase 9 Depositing Routes | Checksum: 18fc3939d

Time (s): cpu = 00:00:13 ; elapsed = 00:00:11 . Memory (MB): peak = 1894.922 ; gain = 111.125
INFO: [Route 35-16] Router Completed Successfully

Time (s): cpu = 00:00:13 ; elapsed = 00:00:12 . Memory (MB): peak = 1894.922 ; gain = 111.125

Routing Is Done.
INFO: [Common 17-83] Releasing license: Implementation
51 Infos, 0 Warnings, 0 Critical Warnings and 0 Errors encountered.
route_design completed successfully
route_design: Time (s): cpu = 00:00:15 ; elapsed = 00:00:13 . Memory (MB): peak = 1894.922 ; gain = 124.801
Writing placer database...
Writing XDEF routing.
Writing XDEF routing logical nets.
Writing XDEF routing special nets.
Write XDEF Complete: Time (s): cpu = 00:00:00 ; elapsed = 00:00:00.106 . Memory (MB): peak = 1904.840 ; gain = 9.918
INFO: [Common 17-1381] The checkpoint 'C:/Users/miche/OneDrive/Documentos/32-bitMips-master/miTo.runs/impl_2/miTo_routed.dcp' has been generated.
INFO: [runtcl-4] Executing : report_drc -file miTo_drc_routed.rpt -pb miTo_drc_routed.pb -rpx miTo_drc_routed.rpx
Command: report_drc -file miTo_drc_routed.rpt -pb miTo_drc_routed.pb -rpx miTo_drc_routed.rpx
INFO: [IP_Flow 19-1839] IP Catalog is up to date.
INFO: [DRC 23-27] Running DRC with 2 threads
INFO: [Coretcl 2-168] The results of DRC are in file C:/Users/miche/OneDrive/Documentos/32-bitMips-master/miTo.runs/impl_2/miTo_drc_routed.rpt.
report_drc completed successfully
INFO: [runtcl-4] Executing : report_methodology -file miTo_methodology_drc_routed.rpt -pb miTo_methodology_drc_routed.pb -rpx miTo_methodology_drc_routed.rpx
Command: report_methodology -file miTo_methodology_drc_routed.rpt -pb miTo_methodology_drc_routed.pb -rpx miTo_methodology_drc_routed.rpx
INFO: [Timing 38-35] Done setting XDC timing constraints.
INFO: [DRC 23-133] Running Methodology with 2 threads
INFO: [Coretcl 2-1520] The results of Report Methodology are in file C:/Users/miche/OneDrive/Documentos/32-bitMips-master/miTo.runs/impl_2/miTo_methodology_drc_routed.rpt.
report_methodology completed successfully
INFO: [runtcl-4] Executing : report_power -file miTo_power_routed.rpt -pb miTo_power_summary_routed.pb -rpx miTo_power_routed.rpx
Command: report_power -file miTo_power_routed.rpt -pb miTo_power_summary_routed.pb -rpx miTo_power_routed.rpx
INFO: [Timing 38-35] Done setting XDC timing constraints.
WARNING: [Power 33-232] No user defined clocks were found in the design! Power estimation will be inaccurate until this is corrected.
Resolution: Please specify clocks using create_clock/create_generated_clock for sequential elements. For pure combinatorial circuits, please specify a virtual clock, otherwise the vectorless estimation might be inaccurate
Running Vector-less Activity Propagation...

Finished Running Vector-less Activity Propagation
62 Infos, 1 Warnings, 0 Critical Warnings and 0 Errors encountered.
report_power completed successfully
INFO: [runtcl-4] Executing : report_route_status -file miTo_route_status.rpt -pb miTo_route_status.pb
INFO: [runtcl-4] Executing : report_timing_summary -max_paths 10 -file miTo_timing_summary_routed.rpt -pb miTo_timing_summary_routed.pb -rpx miTo_timing_summary_routed.rpx -warn_on_violation 
INFO: [Timing 38-91] UpdateTimingParams: Speed grade: -1, Delay Type: min_max.
INFO: [Timing 38-191] Multithreading enabled for timing update using a maximum of 2 CPUs
WARNING: [Timing 38-313] There are no user specified timing constraints. Timing constraints are needed for proper timing analysis.
INFO: [runtcl-4] Executing : report_incremental_reuse -file miTo_incremental_reuse_routed.rpt
INFO: [Vivado_Tcl 4-1062] Incremental flow is disabled. No incremental reuse Info to report.
INFO: [runtcl-4] Executing : report_clock_utilization -file miTo_clock_utilization_routed.rpt
INFO: [runtcl-4] Executing : report_bus_skew -warn_on_violation -file miTo_bus_skew_routed.rpt -pb miTo_bus_skew_routed.pb -rpx miTo_bus_skew_routed.rpx
INFO: [Timing 38-91] UpdateTimingParams: Speed grade: -1, Delay Type: min_max.
INFO: [Timing 38-191] Multithreading enabled for timing update using a maximum of 2 CPUs
INFO: [Common 17-206] Exiting Vivado at Fri May 26 14:32:30 2023...
